--------------------------------------------------------------------------------
Release 14.7 Trace  (lin64)
Copyright (c) 1995-2013 Xilinx, Inc.  All rights reserved.

/opt/Xilinx/14.7/ISE_DS/ISE/bin/lin64/unwrapped/trce -intstyle ise -v 3 -s 4 -n
3 -fastpaths -xml program.twx program.ncd -o program.twr program.pcf -ucf
program.ucf

Design file:              program.ncd
Physical constraint file: program.pcf
Device,package,speed:     xc3s700an,fgg484,-4 (PRODUCTION 1.42 2013-10-13)
Report level:             verbose report

Environment Variable      Effect 
--------------------      ------ 
NONE                      No environment variables were set
--------------------------------------------------------------------------------

INFO:Timing:3412 - To improve timing, see the Timing Closure User Guide (UG612).
INFO:Timing:2752 - To get complete path coverage, use the unconstrained paths 
   option. All paths that are not constrained will be reported in the 
   unconstrained paths section(s) of the report.
INFO:Timing:3339 - The clock-to-out numbers in this timing report are based on 
   a 50 Ohm transmission line loading model.  For the details of this model, 
   and for more information on accounting for different loading conditions, 
   please see the device datasheet.
INFO:Timing:3390 - This architecture does not support a default System Jitter 
   value, please add SYSTEM_JITTER constraint to the UCF to modify the Clock 
   Uncertainty calculation.
INFO:Timing:3389 - This architecture does not support 'Discrete Jitter' and 
   'Phase Error' calculations, these terms will be zero in the Clock 
   Uncertainty calculation.  Please make appropriate modification to 
   SYSTEM_JITTER to account for the unsupported Discrete Jitter and Phase 
   Error.

================================================================================
Timing constraint: NET "CLOCK_50M_BUFGP/IBUFG" PERIOD = 20 ns HIGH 50%;
For more information, see Period Analysis in the Timing Closure User Guide (UG612).

 232 paths analyzed, 49 endpoints analyzed, 0 failing endpoints
 0 timing errors detected. (0 setup errors, 0 hold errors, 0 component switching limit errors)
 Minimum period is   5.410ns.
--------------------------------------------------------------------------------

Paths for end point serial_clock_counter_0 (SLICE_X23Y82.SR), 10 paths
--------------------------------------------------------------------------------
Slack (setup path):     14.590ns (requirement - (data path - clock path skew + uncertainty))
  Source:               serial_clock_counter_9 (FF)
  Destination:          serial_clock_counter_0 (FF)
  Requirement:          20.000ns
  Data Path Delay:      5.419ns (Levels of Logic = 2)
  Clock Path Skew:      0.009ns (0.014 - 0.005)
  Source Clock:         CLOCK_50M_BUFGP rising at 0.000ns
  Destination Clock:    CLOCK_50M_BUFGP rising at 20.000ns
  Clock Uncertainty:    0.000ns

  Maximum Data Path: serial_clock_counter_9 to serial_clock_counter_0
    Location             Delay type         Delay(ns)  Physical Resource
                                                       Logical Resource(s)
    -------------------------------------------------  -------------------
    SLICE_X23Y86.YQ      Tcko                  0.580   serial_clock_counter<8>
                                                       serial_clock_counter_9
    SLICE_X22Y86.F1      net (fanout=2)        0.501   serial_clock_counter<9>
    SLICE_X22Y86.X       Tilo                  0.692   serial_clock_counter[12]_PWR_1_o_LessThan_2_o_inv1
                                                       serial_clock_counter[12]_PWR_1_o_LessThan_2_o_inv1
    SLICE_X22Y87.F4      net (fanout=1)        0.845   serial_clock_counter[12]_PWR_1_o_LessThan_2_o_inv1
    SLICE_X22Y87.X       Tif5x                 0.987   CLOCK_SERIAL
                                                       serial_clock_counter[12]_PWR_1_o_LessThan_2_o_inv261
                                                       serial_clock_counter[12]_PWR_1_o_LessThan_2_o_inv26_f5
    SLICE_X23Y82.SR      net (fanout=7)        0.947   serial_clock_counter[12]_PWR_1_o_LessThan_2_o_inv
    SLICE_X23Y82.CLK     Tsrck                 0.867   serial_clock_counter<0>
                                                       serial_clock_counter_0
    -------------------------------------------------  ---------------------------
    Total                                      5.419ns (3.126ns logic, 2.293ns route)
                                                       (57.7% logic, 42.3% route)

--------------------------------------------------------------------------------
Slack (setup path):     14.661ns (requirement - (data path - clock path skew + uncertainty))
  Source:               serial_clock_counter_7 (FF)
  Destination:          serial_clock_counter_0 (FF)
  Requirement:          20.000ns
  Data Path Delay:      5.340ns (Levels of Logic = 2)
  Clock Path Skew:      0.001ns (0.014 - 0.013)
  Source Clock:         CLOCK_50M_BUFGP rising at 0.000ns
  Destination Clock:    CLOCK_50M_BUFGP rising at 20.000ns
  Clock Uncertainty:    0.000ns

  Maximum Data Path: serial_clock_counter_7 to serial_clock_counter_0
    Location             Delay type         Delay(ns)  Physical Resource
                                                       Logical Resource(s)
    -------------------------------------------------  -------------------
    SLICE_X23Y85.YQ      Tcko                  0.580   serial_clock_counter<6>
                                                       serial_clock_counter_7
    SLICE_X22Y86.F3      net (fanout=2)        0.422   serial_clock_counter<7>
    SLICE_X22Y86.X       Tilo                  0.692   serial_clock_counter[12]_PWR_1_o_LessThan_2_o_inv1
                                                       serial_clock_counter[12]_PWR_1_o_LessThan_2_o_inv1
    SLICE_X22Y87.F4      net (fanout=1)        0.845   serial_clock_counter[12]_PWR_1_o_LessThan_2_o_inv1
    SLICE_X22Y87.X       Tif5x                 0.987   CLOCK_SERIAL
                                                       serial_clock_counter[12]_PWR_1_o_LessThan_2_o_inv261
                                                       serial_clock_counter[12]_PWR_1_o_LessThan_2_o_inv26_f5
    SLICE_X23Y82.SR      net (fanout=7)        0.947   serial_clock_counter[12]_PWR_1_o_LessThan_2_o_inv
    SLICE_X23Y82.CLK     Tsrck                 0.867   serial_clock_counter<0>
                                                       serial_clock_counter_0
    -------------------------------------------------  ---------------------------
    Total                                      5.340ns (3.126ns logic, 2.214ns route)
                                                       (58.5% logic, 41.5% route)

--------------------------------------------------------------------------------
Slack (setup path):     14.674ns (requirement - (data path - clock path skew + uncertainty))
  Source:               serial_clock_counter_8 (FF)
  Destination:          serial_clock_counter_0 (FF)
  Requirement:          20.000ns
  Data Path Delay:      5.335ns (Levels of Logic = 2)
  Clock Path Skew:      0.009ns (0.014 - 0.005)
  Source Clock:         CLOCK_50M_BUFGP rising at 0.000ns
  Destination Clock:    CLOCK_50M_BUFGP rising at 20.000ns
  Clock Uncertainty:    0.000ns

  Maximum Data Path: serial_clock_counter_8 to serial_clock_counter_0
    Location             Delay type         Delay(ns)  Physical Resource
                                                       Logical Resource(s)
    -------------------------------------------------  -------------------
    SLICE_X23Y86.XQ      Tcko                  0.591   serial_clock_counter<8>
                                                       serial_clock_counter_8
    SLICE_X22Y86.F4      net (fanout=2)        0.406   serial_clock_counter<8>
    SLICE_X22Y86.X       Tilo                  0.692   serial_clock_counter[12]_PWR_1_o_LessThan_2_o_inv1
                                                       serial_clock_counter[12]_PWR_1_o_LessThan_2_o_inv1
    SLICE_X22Y87.F4      net (fanout=1)        0.845   serial_clock_counter[12]_PWR_1_o_LessThan_2_o_inv1
    SLICE_X22Y87.X       Tif5x                 0.987   CLOCK_SERIAL
                                                       serial_clock_counter[12]_PWR_1_o_LessThan_2_o_inv261
                                                       serial_clock_counter[12]_PWR_1_o_LessThan_2_o_inv26_f5
    SLICE_X23Y82.SR      net (fanout=7)        0.947   serial_clock_counter[12]_PWR_1_o_LessThan_2_o_inv
    SLICE_X23Y82.CLK     Tsrck                 0.867   serial_clock_counter<0>
                                                       serial_clock_counter_0
    -------------------------------------------------  ---------------------------
    Total                                      5.335ns (3.137ns logic, 2.198ns route)
                                                       (58.8% logic, 41.2% route)

--------------------------------------------------------------------------------

Paths for end point serial_clock_counter_1 (SLICE_X23Y82.SR), 10 paths
--------------------------------------------------------------------------------
Slack (setup path):     14.590ns (requirement - (data path - clock path skew + uncertainty))
  Source:               serial_clock_counter_9 (FF)
  Destination:          serial_clock_counter_1 (FF)
  Requirement:          20.000ns
  Data Path Delay:      5.419ns (Levels of Logic = 2)
  Clock Path Skew:      0.009ns (0.014 - 0.005)
  Source Clock:         CLOCK_50M_BUFGP rising at 0.000ns
  Destination Clock:    CLOCK_50M_BUFGP rising at 20.000ns
  Clock Uncertainty:    0.000ns

  Maximum Data Path: serial_clock_counter_9 to serial_clock_counter_1
    Location             Delay type         Delay(ns)  Physical Resource
                                                       Logical Resource(s)
    -------------------------------------------------  -------------------
    SLICE_X23Y86.YQ      Tcko                  0.580   serial_clock_counter<8>
                                                       serial_clock_counter_9
    SLICE_X22Y86.F1      net (fanout=2)        0.501   serial_clock_counter<9>
    SLICE_X22Y86.X       Tilo                  0.692   serial_clock_counter[12]_PWR_1_o_LessThan_2_o_inv1
                                                       serial_clock_counter[12]_PWR_1_o_LessThan_2_o_inv1
    SLICE_X22Y87.F4      net (fanout=1)        0.845   serial_clock_counter[12]_PWR_1_o_LessThan_2_o_inv1
    SLICE_X22Y87.X       Tif5x                 0.987   CLOCK_SERIAL
                                                       serial_clock_counter[12]_PWR_1_o_LessThan_2_o_inv261
                                                       serial_clock_counter[12]_PWR_1_o_LessThan_2_o_inv26_f5
    SLICE_X23Y82.SR      net (fanout=7)        0.947   serial_clock_counter[12]_PWR_1_o_LessThan_2_o_inv
    SLICE_X23Y82.CLK     Tsrck                 0.867   serial_clock_counter<0>
                                                       serial_clock_counter_1
    -------------------------------------------------  ---------------------------
    Total                                      5.419ns (3.126ns logic, 2.293ns route)
                                                       (57.7% logic, 42.3% route)

--------------------------------------------------------------------------------
Slack (setup path):     14.661ns (requirement - (data path - clock path skew + uncertainty))
  Source:               serial_clock_counter_7 (FF)
  Destination:          serial_clock_counter_1 (FF)
  Requirement:          20.000ns
  Data Path Delay:      5.340ns (Levels of Logic = 2)
  Clock Path Skew:      0.001ns (0.014 - 0.013)
  Source Clock:         CLOCK_50M_BUFGP rising at 0.000ns
  Destination Clock:    CLOCK_50M_BUFGP rising at 20.000ns
  Clock Uncertainty:    0.000ns

  Maximum Data Path: serial_clock_counter_7 to serial_clock_counter_1
    Location             Delay type         Delay(ns)  Physical Resource
                                                       Logical Resource(s)
    -------------------------------------------------  -------------------
    SLICE_X23Y85.YQ      Tcko                  0.580   serial_clock_counter<6>
                                                       serial_clock_counter_7
    SLICE_X22Y86.F3      net (fanout=2)        0.422   serial_clock_counter<7>
    SLICE_X22Y86.X       Tilo                  0.692   serial_clock_counter[12]_PWR_1_o_LessThan_2_o_inv1
                                                       serial_clock_counter[12]_PWR_1_o_LessThan_2_o_inv1
    SLICE_X22Y87.F4      net (fanout=1)        0.845   serial_clock_counter[12]_PWR_1_o_LessThan_2_o_inv1
    SLICE_X22Y87.X       Tif5x                 0.987   CLOCK_SERIAL
                                                       serial_clock_counter[12]_PWR_1_o_LessThan_2_o_inv261
                                                       serial_clock_counter[12]_PWR_1_o_LessThan_2_o_inv26_f5
    SLICE_X23Y82.SR      net (fanout=7)        0.947   serial_clock_counter[12]_PWR_1_o_LessThan_2_o_inv
    SLICE_X23Y82.CLK     Tsrck                 0.867   serial_clock_counter<0>
                                                       serial_clock_counter_1
    -------------------------------------------------  ---------------------------
    Total                                      5.340ns (3.126ns logic, 2.214ns route)
                                                       (58.5% logic, 41.5% route)

--------------------------------------------------------------------------------
Slack (setup path):     14.674ns (requirement - (data path - clock path skew + uncertainty))
  Source:               serial_clock_counter_8 (FF)
  Destination:          serial_clock_counter_1 (FF)
  Requirement:          20.000ns
  Data Path Delay:      5.335ns (Levels of Logic = 2)
  Clock Path Skew:      0.009ns (0.014 - 0.005)
  Source Clock:         CLOCK_50M_BUFGP rising at 0.000ns
  Destination Clock:    CLOCK_50M_BUFGP rising at 20.000ns
  Clock Uncertainty:    0.000ns

  Maximum Data Path: serial_clock_counter_8 to serial_clock_counter_1
    Location             Delay type         Delay(ns)  Physical Resource
                                                       Logical Resource(s)
    -------------------------------------------------  -------------------
    SLICE_X23Y86.XQ      Tcko                  0.591   serial_clock_counter<8>
                                                       serial_clock_counter_8
    SLICE_X22Y86.F4      net (fanout=2)        0.406   serial_clock_counter<8>
    SLICE_X22Y86.X       Tilo                  0.692   serial_clock_counter[12]_PWR_1_o_LessThan_2_o_inv1
                                                       serial_clock_counter[12]_PWR_1_o_LessThan_2_o_inv1
    SLICE_X22Y87.F4      net (fanout=1)        0.845   serial_clock_counter[12]_PWR_1_o_LessThan_2_o_inv1
    SLICE_X22Y87.X       Tif5x                 0.987   CLOCK_SERIAL
                                                       serial_clock_counter[12]_PWR_1_o_LessThan_2_o_inv261
                                                       serial_clock_counter[12]_PWR_1_o_LessThan_2_o_inv26_f5
    SLICE_X23Y82.SR      net (fanout=7)        0.947   serial_clock_counter[12]_PWR_1_o_LessThan_2_o_inv
    SLICE_X23Y82.CLK     Tsrck                 0.867   serial_clock_counter<0>
                                                       serial_clock_counter_1
    -------------------------------------------------  ---------------------------
    Total                                      5.335ns (3.137ns logic, 2.198ns route)
                                                       (58.8% logic, 41.2% route)

--------------------------------------------------------------------------------

Paths for end point serial_clock_counter_2 (SLICE_X23Y83.SR), 10 paths
--------------------------------------------------------------------------------
Slack (setup path):     14.590ns (requirement - (data path - clock path skew + uncertainty))
  Source:               serial_clock_counter_9 (FF)
  Destination:          serial_clock_counter_2 (FF)
  Requirement:          20.000ns
  Data Path Delay:      5.419ns (Levels of Logic = 2)
  Clock Path Skew:      0.009ns (0.014 - 0.005)
  Source Clock:         CLOCK_50M_BUFGP rising at 0.000ns
  Destination Clock:    CLOCK_50M_BUFGP rising at 20.000ns
  Clock Uncertainty:    0.000ns

  Maximum Data Path: serial_clock_counter_9 to serial_clock_counter_2
    Location             Delay type         Delay(ns)  Physical Resource
                                                       Logical Resource(s)
    -------------------------------------------------  -------------------
    SLICE_X23Y86.YQ      Tcko                  0.580   serial_clock_counter<8>
                                                       serial_clock_counter_9
    SLICE_X22Y86.F1      net (fanout=2)        0.501   serial_clock_counter<9>
    SLICE_X22Y86.X       Tilo                  0.692   serial_clock_counter[12]_PWR_1_o_LessThan_2_o_inv1
                                                       serial_clock_counter[12]_PWR_1_o_LessThan_2_o_inv1
    SLICE_X22Y87.F4      net (fanout=1)        0.845   serial_clock_counter[12]_PWR_1_o_LessThan_2_o_inv1
    SLICE_X22Y87.X       Tif5x                 0.987   CLOCK_SERIAL
                                                       serial_clock_counter[12]_PWR_1_o_LessThan_2_o_inv261
                                                       serial_clock_counter[12]_PWR_1_o_LessThan_2_o_inv26_f5
    SLICE_X23Y83.SR      net (fanout=7)        0.947   serial_clock_counter[12]_PWR_1_o_LessThan_2_o_inv
    SLICE_X23Y83.CLK     Tsrck                 0.867   serial_clock_counter<2>
                                                       serial_clock_counter_2
    -------------------------------------------------  ---------------------------
    Total                                      5.419ns (3.126ns logic, 2.293ns route)
                                                       (57.7% logic, 42.3% route)

--------------------------------------------------------------------------------
Slack (setup path):     14.661ns (requirement - (data path - clock path skew + uncertainty))
  Source:               serial_clock_counter_7 (FF)
  Destination:          serial_clock_counter_2 (FF)
  Requirement:          20.000ns
  Data Path Delay:      5.340ns (Levels of Logic = 2)
  Clock Path Skew:      0.001ns (0.014 - 0.013)
  Source Clock:         CLOCK_50M_BUFGP rising at 0.000ns
  Destination Clock:    CLOCK_50M_BUFGP rising at 20.000ns
  Clock Uncertainty:    0.000ns

  Maximum Data Path: serial_clock_counter_7 to serial_clock_counter_2
    Location             Delay type         Delay(ns)  Physical Resource
                                                       Logical Resource(s)
    -------------------------------------------------  -------------------
    SLICE_X23Y85.YQ      Tcko                  0.580   serial_clock_counter<6>
                                                       serial_clock_counter_7
    SLICE_X22Y86.F3      net (fanout=2)        0.422   serial_clock_counter<7>
    SLICE_X22Y86.X       Tilo                  0.692   serial_clock_counter[12]_PWR_1_o_LessThan_2_o_inv1
                                                       serial_clock_counter[12]_PWR_1_o_LessThan_2_o_inv1
    SLICE_X22Y87.F4      net (fanout=1)        0.845   serial_clock_counter[12]_PWR_1_o_LessThan_2_o_inv1
    SLICE_X22Y87.X       Tif5x                 0.987   CLOCK_SERIAL
                                                       serial_clock_counter[12]_PWR_1_o_LessThan_2_o_inv261
                                                       serial_clock_counter[12]_PWR_1_o_LessThan_2_o_inv26_f5
    SLICE_X23Y83.SR      net (fanout=7)        0.947   serial_clock_counter[12]_PWR_1_o_LessThan_2_o_inv
    SLICE_X23Y83.CLK     Tsrck                 0.867   serial_clock_counter<2>
                                                       serial_clock_counter_2
    -------------------------------------------------  ---------------------------
    Total                                      5.340ns (3.126ns logic, 2.214ns route)
                                                       (58.5% logic, 41.5% route)

--------------------------------------------------------------------------------
Slack (setup path):     14.674ns (requirement - (data path - clock path skew + uncertainty))
  Source:               serial_clock_counter_8 (FF)
  Destination:          serial_clock_counter_2 (FF)
  Requirement:          20.000ns
  Data Path Delay:      5.335ns (Levels of Logic = 2)
  Clock Path Skew:      0.009ns (0.014 - 0.005)
  Source Clock:         CLOCK_50M_BUFGP rising at 0.000ns
  Destination Clock:    CLOCK_50M_BUFGP rising at 20.000ns
  Clock Uncertainty:    0.000ns

  Maximum Data Path: serial_clock_counter_8 to serial_clock_counter_2
    Location             Delay type         Delay(ns)  Physical Resource
                                                       Logical Resource(s)
    -------------------------------------------------  -------------------
    SLICE_X23Y86.XQ      Tcko                  0.591   serial_clock_counter<8>
                                                       serial_clock_counter_8
    SLICE_X22Y86.F4      net (fanout=2)        0.406   serial_clock_counter<8>
    SLICE_X22Y86.X       Tilo                  0.692   serial_clock_counter[12]_PWR_1_o_LessThan_2_o_inv1
                                                       serial_clock_counter[12]_PWR_1_o_LessThan_2_o_inv1
    SLICE_X22Y87.F4      net (fanout=1)        0.845   serial_clock_counter[12]_PWR_1_o_LessThan_2_o_inv1
    SLICE_X22Y87.X       Tif5x                 0.987   CLOCK_SERIAL
                                                       serial_clock_counter[12]_PWR_1_o_LessThan_2_o_inv261
                                                       serial_clock_counter[12]_PWR_1_o_LessThan_2_o_inv26_f5
    SLICE_X23Y83.SR      net (fanout=7)        0.947   serial_clock_counter[12]_PWR_1_o_LessThan_2_o_inv
    SLICE_X23Y83.CLK     Tsrck                 0.867   serial_clock_counter<2>
                                                       serial_clock_counter_2
    -------------------------------------------------  ---------------------------
    Total                                      5.335ns (3.137ns logic, 2.198ns route)
                                                       (58.8% logic, 41.2% route)

--------------------------------------------------------------------------------

Hold Paths: NET "CLOCK_50M_BUFGP/IBUFG" PERIOD = 20 ns HIGH 50%;
--------------------------------------------------------------------------------

Paths for end point CLOCK_25M (SLICE_X35Y11.BY), 1 path
--------------------------------------------------------------------------------
Slack (hold path):      0.998ns (requirement - (clock path skew + uncertainty - data path))
  Source:               CLOCK_25M (FF)
  Destination:          CLOCK_25M (FF)
  Requirement:          0.000ns
  Data Path Delay:      0.998ns (Levels of Logic = 0)
  Clock Path Skew:      0.000ns
  Source Clock:         CLOCK_50M_BUFGP rising at 20.000ns
  Destination Clock:    CLOCK_50M_BUFGP rising at 20.000ns
  Clock Uncertainty:    0.000ns

  Minimum Data Path: CLOCK_25M to CLOCK_25M
    Location             Delay type         Delay(ns)  Physical Resource
                                                       Logical Resource(s)
    -------------------------------------------------  -------------------
    SLICE_X35Y11.YQ      Tcko                  0.464   CLOCK_25M
                                                       CLOCK_25M
    SLICE_X35Y11.BY      net (fanout=2)        0.394   CLOCK_25M
    SLICE_X35Y11.CLK     Tckdi       (-Th)    -0.140   CLOCK_25M
                                                       CLOCK_25M
    -------------------------------------------------  ---------------------------
    Total                                      0.998ns (0.604ns logic, 0.394ns route)
                                                       (60.5% logic, 39.5% route)

--------------------------------------------------------------------------------

Paths for end point CLOCK_SERIAL (SLICE_X22Y87.BX), 1 path
--------------------------------------------------------------------------------
Slack (hold path):      1.517ns (requirement - (clock path skew + uncertainty - data path))
  Source:               serial_clock_counter_12 (FF)
  Destination:          CLOCK_SERIAL (FF)
  Requirement:          0.000ns
  Data Path Delay:      1.562ns (Levels of Logic = 1)
  Clock Path Skew:      0.045ns (0.272 - 0.227)
  Source Clock:         CLOCK_50M_BUFGP rising at 20.000ns
  Destination Clock:    CLOCK_50M_BUFGP rising at 20.000ns
  Clock Uncertainty:    0.000ns

  Minimum Data Path: serial_clock_counter_12 to CLOCK_SERIAL
    Location             Delay type         Delay(ns)  Physical Resource
                                                       Logical Resource(s)
    -------------------------------------------------  -------------------
    SLICE_X23Y88.XQ      Tcko                  0.473   serial_clock_counter<12>
                                                       serial_clock_counter_12
    SLICE_X22Y87.BX      net (fanout=2)        0.449   serial_clock_counter<12>
    SLICE_X22Y87.CLK     Tckdi       (-Th)    -0.640   CLOCK_SERIAL
                                                       serial_clock_counter[12]_PWR_1_o_LessThan_2_o_inv26_f5
                                                       CLOCK_SERIAL
    -------------------------------------------------  ---------------------------
    Total                                      1.562ns (1.113ns logic, 0.449ns route)
                                                       (71.3% logic, 28.7% route)

--------------------------------------------------------------------------------

Paths for end point CLOCK_SERIAL (SLICE_X22Y87.F2), 1 path
--------------------------------------------------------------------------------
Slack (hold path):      1.558ns (requirement - (clock path skew + uncertainty - data path))
  Source:               serial_clock_counter_11 (FF)
  Destination:          CLOCK_SERIAL (FF)
  Requirement:          0.000ns
  Data Path Delay:      1.559ns (Levels of Logic = 1)
  Clock Path Skew:      0.001ns (0.005 - 0.004)
  Source Clock:         CLOCK_50M_BUFGP rising at 20.000ns
  Destination Clock:    CLOCK_50M_BUFGP rising at 20.000ns
  Clock Uncertainty:    0.000ns

  Minimum Data Path: serial_clock_counter_11 to CLOCK_SERIAL
    Location             Delay type         Delay(ns)  Physical Resource
                                                       Logical Resource(s)
    -------------------------------------------------  -------------------
    SLICE_X23Y87.YQ      Tcko                  0.464   serial_clock_counter<10>
                                                       serial_clock_counter_11
    SLICE_X22Y87.F2      net (fanout=2)        0.354   serial_clock_counter<11>
    SLICE_X22Y87.CLK     Tckf        (-Th)    -0.741   CLOCK_SERIAL
                                                       serial_clock_counter[12]_PWR_1_o_LessThan_2_o_inv261
                                                       serial_clock_counter[12]_PWR_1_o_LessThan_2_o_inv26_f5
                                                       CLOCK_SERIAL
    -------------------------------------------------  ---------------------------
    Total                                      1.559ns (1.205ns logic, 0.354ns route)
                                                       (77.3% logic, 22.7% route)

--------------------------------------------------------------------------------

Component Switching Limit Checks: NET "CLOCK_50M_BUFGP/IBUFG" PERIOD = 20 ns HIGH 50%;
--------------------------------------------------------------------------------
Slack: 18.398ns (period - (min low pulse limit / (low pulse / period)))
  Period: 20.000ns
  Low pulse: 10.000ns
  Low pulse limit: 0.801ns (Tcl)
  Physical resource: CLOCK_SERIAL/CLK
  Logical resource: CLOCK_SERIAL/CK
  Location pin: SLICE_X22Y87.CLK
  Clock network: CLOCK_50M_BUFGP
--------------------------------------------------------------------------------
Slack: 18.398ns (period - (min high pulse limit / (high pulse / period)))
  Period: 20.000ns
  High pulse: 10.000ns
  High pulse limit: 0.801ns (Tch)
  Physical resource: CLOCK_SERIAL/CLK
  Logical resource: CLOCK_SERIAL/CK
  Location pin: SLICE_X22Y87.CLK
  Clock network: CLOCK_50M_BUFGP
--------------------------------------------------------------------------------
Slack: 18.398ns (period - min period limit)
  Period: 20.000ns
  Min period limit: 1.602ns (624.220MHz) (Tcp)
  Physical resource: CLOCK_SERIAL/CLK
  Logical resource: CLOCK_SERIAL/CK
  Location pin: SLICE_X22Y87.CLK
  Clock network: CLOCK_50M_BUFGP
--------------------------------------------------------------------------------


All constraints were met.


Data Sheet report:
-----------------
All values displayed in nanoseconds (ns)

Clock to Setup on destination clock CLOCK_50M
---------------+---------+---------+---------+---------+
               | Src:Rise| Src:Fall| Src:Rise| Src:Fall|
Source Clock   |Dest:Rise|Dest:Rise|Dest:Fall|Dest:Fall|
---------------+---------+---------+---------+---------+
CLOCK_50M      |    5.410|         |         |         |
---------------+---------+---------+---------+---------+


Timing summary:
---------------

Timing errors: 0  Score: 0  (Setup/Max: 0, Hold: 0)

Constraints cover 232 paths, 0 nets, and 49 connections

Design statistics:
   Minimum period:   5.410ns{1}   (Maximum frequency: 184.843MHz)


------------------------------------Footnotes-----------------------------------
1)  The minimum period statistic assumes all single cycle delays.

Analysis completed Thu Nov 20 18:14:19 2014 
--------------------------------------------------------------------------------

Trace Settings:
-------------------------
Trace Settings 

Peak Memory Usage: 390 MB



