Release 14.7 Map P.20131013 (lin64)
Xilinx Mapping Report File for Design 'program'

Design Information
------------------
Command Line   : map -intstyle ise -p xc3s700an-fgg484-4 -cm area -ir off -pr
off -c 100 -o program_map.ncd program.ngd program.pcf 
Target Device  : xc3s700an
Target Package : fgg484
Target Speed   : -4
Mapper Version : spartan3a -- $Revision: 1.55 $
Mapped Date    : Sat Nov 15 14:09:13 2014

Design Summary
--------------
Number of errors:      0
Number of warnings:    0
Logic Utilization:
  Number of Slice Flip Flops:            34 out of  11,776    1%
  Number of 4 input LUTs:                37 out of  11,776    1%
Logic Distribution:
  Number of occupied Slices:             36 out of   5,888    1%
    Number of Slices containing only related logic:      36 out of      36 100%
    Number of Slices containing unrelated logic:          0 out of      36   0%
      *See NOTES below for an explanation of the effects of unrelated logic.
  Total Number of 4 input LUTs:          55 out of  11,776    1%
    Number used as logic:                37
    Number used as a route-thru:         18

  The Slice Logic Distribution report is not meaningful if the design is
  over-mapped for a non-slice resource or if Placement fails.

  Number of bonded IOBs:                 23 out of     372    6%
  Number of BUFGMUXs:                     4 out of      24   16%

Average Fanout of Non-Clock Nets:                3.10

Peak Memory Usage:  630 MB
Total REAL time to MAP completion:  16 secs 
Total CPU time to MAP completion:   6 secs 

NOTES:

   Related logic is defined as being logic that shares connectivity - e.g. two
   LUTs are "related" if they share common inputs.  When assembling slices,
   Map gives priority to combine logic that is related.  Doing so results in
   the best timing performance.

   Unrelated logic shares no connectivity.  Map will only begin packing
   unrelated logic into a slice once 99% of the slices are occupied through
   related logic packing.

   Note that once logic distribution reaches the 99% level through related
   logic packing, this does not mean the device is completely utilized.
   Unrelated logic packing will then begin, continuing until all usable LUTs
   and FFs are occupied.  Depending on your timing budget, increased levels of
   unrelated logic packing may adversely affect the overall timing performance
   of your design.

Table of Contents
-----------------
Section 1 - Errors
Section 2 - Warnings
Section 3 - Informational
Section 4 - Removed Logic Summary
Section 5 - Removed Logic
Section 6 - IOB Properties
Section 7 - RPMs
Section 8 - Guide Report
Section 9 - Area Group and Partition Summary
Section 10 - Timing Report
Section 11 - Configuration String Information
Section 12 - Control Set Information
Section 13 - Utilization by Hierarchy

Section 1 - Errors
------------------

Section 2 - Warnings
--------------------

Section 3 - Informational
-------------------------
INFO:MapLib:562 - No environment variables are currently set.
INFO:MapLib:159 - Net Timing constraints on signal CLOCK_50M are pushed forward
   through input buffer.

Section 4 - Removed Logic Summary
---------------------------------
   2 block(s) optimized away

Section 5 - Removed Logic
-------------------------

Optimized Block(s):
TYPE 		BLOCK
GND 		XST_GND
VCC 		XST_VCC

To enable printing of redundant blocks removed and signals merged, set the
detailed map report option and rerun map.

Section 6 - IOB Properties
--------------------------

+-------------------------------------------------------------------------------------------------------------------------------------------------------------------------------+
| IOB Name                           | Type             | Direction | IO Standard          | Diff  | Drive    | Slew    | Reg (s)      | Resistor | IBUF/IFD | SUSPEND          |
|                                    |                  |           |                      | Term  | Strength | Rate    |              |          | Delay    |                  |
+-------------------------------------------------------------------------------------------------------------------------------------------------------------------------------+
| BUTTON_NORTH                       | IBUF             | INPUT     | LVCMOS33             |       |          |         |              | PULLDOWN | 0 / 0    |                  |
| BUTTON_SOUTH                       | IBUF             | INPUT     | LVCMOS33             |       |          |         |              | PULLDOWN | 0 / 0    |                  |
| CLOCK_50M                          | IBUF             | INPUT     | LVCMOS33             |       |          |         |              |          | 0 / 0    |                  |
| LED<0>                             | IOB              | OUTPUT    | LVCMOS33             |       | 8        | SLOW    |              |          | 0 / 0    | 3STATE           |
| LED<1>                             | IOB              | OUTPUT    | LVCMOS33             |       | 8        | SLOW    |              |          | 0 / 0    | 3STATE           |
| LED<2>                             | IOB              | OUTPUT    | LVCMOS33             |       | 8        | SLOW    |              |          | 0 / 0    | 3STATE           |
| LED<3>                             | IOB              | OUTPUT    | LVCMOS33             |       | 8        | SLOW    |              |          | 0 / 0    | 3STATE           |
| LED<4>                             | IOB              | OUTPUT    | LVCMOS33             |       | 8        | SLOW    |              |          | 0 / 0    | 3STATE           |
| ROT_A                              | IBUF             | INPUT     | LVCMOS25             |       |          |         |              |          | 0 / 0    |                  |
| VGA_B<0>                           | IOB              | OUTPUT    | LVCMOS33             |       | 8        | FAST    |              |          | 0 / 0    | 3STATE           |
| VGA_B<1>                           | IOB              | OUTPUT    | LVCMOS33             |       | 8        | FAST    |              |          | 0 / 0    | 3STATE           |
| VGA_B<2>                           | IOB              | OUTPUT    | LVCMOS33             |       | 8        | FAST    |              |          | 0 / 0    | 3STATE           |
| VGA_B<3>                           | IOB              | OUTPUT    | LVCMOS33             |       | 8        | FAST    |              |          | 0 / 0    | 3STATE           |
| VGA_G<0>                           | IOB              | OUTPUT    | LVCMOS33             |       | 8        | FAST    |              |          | 0 / 0    | 3STATE           |
| VGA_G<1>                           | IOB              | OUTPUT    | LVCMOS33             |       | 8        | FAST    |              |          | 0 / 0    | 3STATE           |
| VGA_G<2>                           | IOB              | OUTPUT    | LVCMOS33             |       | 8        | FAST    |              |          | 0 / 0    | 3STATE           |
| VGA_G<3>                           | IOB              | OUTPUT    | LVCMOS33             |       | 8        | FAST    |              |          | 0 / 0    | 3STATE           |
| VGA_HSYNC                          | IOB              | OUTPUT    | LVCMOS33             |       | 8        | FAST    |              |          | 0 / 0    | 3STATE           |
| VGA_R<0>                           | IOB              | OUTPUT    | LVCMOS33             |       | 8        | FAST    |              |          | 0 / 0    | 3STATE           |
| VGA_R<1>                           | IOB              | OUTPUT    | LVCMOS33             |       | 8        | FAST    |              |          | 0 / 0    | 3STATE           |
| VGA_R<2>                           | IOB              | OUTPUT    | LVCMOS33             |       | 8        | FAST    |              |          | 0 / 0    | 3STATE           |
| VGA_R<3>                           | IOB              | OUTPUT    | LVCMOS33             |       | 8        | FAST    |              |          | 0 / 0    | 3STATE           |
| VGA_VSYNC                          | IOB              | OUTPUT    | LVCMOS33             |       | 8        | FAST    |              |          | 0 / 0    | 3STATE           |
+-------------------------------------------------------------------------------------------------------------------------------------------------------------------------------+

Section 7 - RPMs
----------------

Section 8 - Guide Report
------------------------
Guide not run on this design.

Section 9 - Area Group and Partition Summary
--------------------------------------------

Partition Implementation Status
-------------------------------

  No Partitions were found in this design.

-------------------------------

Area Group Information
----------------------

  No area groups were found in this design.

----------------------

Section 10 - Timing Report
--------------------------
This design was not run using timing mode.

Section 11 - Configuration String Details
-----------------------------------------
Use the "-detail" map option to print out Configuration Strings

Section 12 - Control Set Information
------------------------------------
No control set information for this architecture.

Section 13 - Utilization by Hierarchy
-------------------------------------
Use the "-detail" map option to print out the Utilization by Hierarchy section.
